#
# There is insufficient memory for the Java Runtime Environment to continue.
# Native memory allocation (mmap) failed to map 132120576 bytes for G1 virtual space
# Possible reasons:
#   The system is out of physical RAM or swap space
#   The process is running with CompressedOops enabled, and the Java Heap may be blocking the growth of the native heap
# Possible solutions:
#   Reduce memory load on the system
#   Increase physical memory or swap space
#   Check if swap backing store is full
#   Decrease Java heap size (-Xmx/-Xms)
#   Decrease number of Java threads
#   Decrease Java thread stack sizes (-Xss)
#   Set larger code cache with -XX:ReservedCodeCacheSize=
#   JVM is running with Unscaled Compressed Oops mode in which the Java heap is
#     placed in the first 4GB address space. The Java Heap base address is the
#     maximum limit for the native heap growth. Please use -XX:HeapBaseMinAddress
#     to set the Java Heap base and to place the Java Heap above 4GB virtual address.
# This output file may be truncated or incomplete.
#
#  Out of Memory Error (os_windows.cpp:3548), pid=17512, tid=13400
#
# JRE version:  (17.0.12+8) (build )
# Java VM: Java HotSpot(TM) 64-Bit Server VM (17.0.12+8-LTS-286, mixed mode, emulated-client, sharing, tiered, compressed oops, compressed class ptrs, g1 gc, windows-amd64)
# No core dump will be written. Minidumps are not enabled by default on client versions of Windows
#

---------------  S U M M A R Y ------------

Command Line: -XX:TieredStopAtLevel=1 com.expense.management.EnterpriseExpenseManagementSystemApplication

Host: Intel(R) Core(TM) i3-7020U CPU @ 2.30GHz, 4 cores, 7G,  Windows 10 , 64 bit Build 19041 (10.0.19041.5794)
Time: Mon May 19 15:09:55 2025 India Standard Time elapsed time: 0.064607 seconds (0d 0h 0m 0s)

---------------  T H R E A D  ---------------

Current thread (0x0000021b9886a480):  JavaThread "Unknown thread" [_thread_in_vm, id=13400, stack(0x0000009dbb900000,0x0000009dbba00000)]

Stack: [0x0000009dbb900000,0x0000009dbba00000]
Native frames: (J=compiled Java code, j=interpreted, Vv=VM code, C=native code)
V  [jvm.dll+0x67a04a]
V  [jvm.dll+0x7da4ed]
V  [jvm.dll+0x7dbe33]
V  [jvm.dll+0x7dc4a3]
V  [jvm.dll+0x24508f]
V  [jvm.dll+0x677089]
V  [jvm.dll+0x66bd32]
V  [jvm.dll+0x301fa6]
V  [jvm.dll+0x309546]
V  [jvm.dll+0x359d2e]
V  [jvm.dll+0x359f5f]
V  [jvm.dll+0x2d9078]
V  [jvm.dll+0x2d9fe4]
V  [jvm.dll+0x7aca21]
V  [jvm.dll+0x367591]
V  [jvm.dll+0x78b999]
V  [jvm.dll+0x3ec83f]
V  [jvm.dll+0x3ee471]
C  [jli.dll+0x5297]
C  [ucrtbase.dll+0x21bb2]
C  [KERNEL32.DLL+0x17374]
C  [ntdll.dll+0x4cc91]


---------------  P R O C E S S  ---------------

Threads class SMR info:
_java_thread_list=0x00007ffc10747a18, length=0, elements={
}

Java Threads: ( => current thread )

Other Threads:
  0x0000021b988cce40 GCTaskThread "GC Thread#0" [stack: 0x0000009dbba00000,0x0000009dbbb00000] [id=6428]
  0x0000021b988dd990 ConcurrentGCThread "G1 Main Marker" [stack: 0x0000009dbbb00000,0x0000009dbbc00000] [id=20244]
  0x0000021b988e0b60 ConcurrentGCThread "G1 Conc#0" [stack: 0x0000009dbbc00000,0x0000009dbbd00000] [id=15508]

[error occurred during error reporting (printing all threads), id 0xc0000005, EXCEPTION_ACCESS_VIOLATION (0xc0000005) at pc=0x00007ffc0ff79b67]

VM state: not at safepoint (not fully initialized)

VM Mutex/Monitor currently owned by a thread:  ([mutex/lock_event])
[0x0000021b98864a50] Heap_lock - owner thread: 0x0000021b9886a480

Heap address: 0x0000000082000000, size: 2016 MB, Compressed Oops mode: 32-bit

CDS archive(s) mapped at: [0x0000000000000000-0x0000000000000000-0x0000000000000000), size 0, SharedBaseAddress: 0x0000000800000000, ArchiveRelocationMode: 1.
Narrow klass base: 0x0000000000000000, Narrow klass shift: 0, Narrow klass range: 0x0

GC Precious Log:
<Empty>

Heap:
 garbage-first heap   total 0K, used 0K [0x0000000082000000, 0x0000000100000000)
  region size 1024K, 0 young (0K), 0 survivors (0K)

[error occurred during error reporting (printing heap information), id 0xc0000005, EXCEPTION_ACCESS_VIOLATION (0xc0000005) at pc=0x00007ffc10363859]

GC Heap History (0 events):
No events

Deoptimization events (0 events):
No events

Classes unloaded (0 events):
No events

Classes redefined (0 events):
No events

Internal exceptions (0 events):
No events

VM Operations (0 events):
No events

Events (1 events):
Event: 0.024 Loaded shared library C:\Program Files\Java\jdk-17\bin\java.dll


Dynamic libraries:
0x00007ff63b670000 - 0x00007ff63b680000 	C:\Program Files\Java\jdk-17\bin\java.exe
0x00007ffc94f50000 - 0x00007ffc95148000 	C:\WINDOWS\SYSTEM32\ntdll.dll
0x00007ffc93360000 - 0x00007ffc93422000 	C:\WINDOWS\System32\KERNEL32.DLL
0x00007ffc92a50000 - 0x00007ffc92d46000 	C:\WINDOWS\System32\KERNELBASE.dll
0x00007ffc925f0000 - 0x00007ffc926f0000 	C:\WINDOWS\System32\ucrtbase.dll
0x00007ffc64110000 - 0x00007ffc64129000 	C:\Program Files\Java\jdk-17\bin\jli.dll
0x00007ffc94e60000 - 0x00007ffc94f0f000 	C:\WINDOWS\System32\ADVAPI32.dll
0x00007ffc94730000 - 0x00007ffc947ce000 	C:\WINDOWS\System32\msvcrt.dll
0x00007ffc93430000 - 0x00007ffc934cf000 	C:\WINDOWS\System32\sechost.dll
0x00007ffc93780000 - 0x00007ffc938a3000 	C:\WINDOWS\System32\RPCRT4.dll
0x00007ffc92810000 - 0x00007ffc92837000 	C:\WINDOWS\System32\bcrypt.dll
0x00007ffc94590000 - 0x00007ffc9472d000 	C:\WINDOWS\System32\USER32.dll
0x00007ffc92e70000 - 0x00007ffc92e92000 	C:\WINDOWS\System32\win32u.dll
0x00007ffc94cf0000 - 0x00007ffc94d1b000 	C:\WINDOWS\System32\GDI32.dll
0x00007ffc92d50000 - 0x00007ffc92e6a000 	C:\WINDOWS\System32\gdi32full.dll
0x00007ffc926f0000 - 0x00007ffc9278d000 	C:\WINDOWS\System32\msvcp_win.dll
0x00007ffc7aba0000 - 0x00007ffc7abbb000 	C:\Program Files\Java\jdk-17\bin\VCRUNTIME140.dll
0x00007ffc7b6b0000 - 0x00007ffc7b94a000 	C:\WINDOWS\WinSxS\amd64_microsoft.windows.common-controls_6595b64144ccf1df_6.0.19041.5794_none_60bcd33171f2783c\COMCTL32.dll
0x00007ffc8bba0000 - 0x00007ffc8bbaa000 	C:\WINDOWS\SYSTEM32\VERSION.dll
0x00007ffc934d0000 - 0x00007ffc934ff000 	C:\WINDOWS\System32\IMM32.DLL
0x00007ffc8ea90000 - 0x00007ffc8ea9c000 	C:\Program Files\Java\jdk-17\bin\vcruntime140_1.dll
0x00007ffc584e0000 - 0x00007ffc5856e000 	C:\Program Files\Java\jdk-17\bin\msvcp140.dll
0x00007ffc0fc90000 - 0x00007ffc10870000 	C:\Program Files\Java\jdk-17\bin\server\jvm.dll
0x00007ffc92f80000 - 0x00007ffc92f88000 	C:\WINDOWS\System32\PSAPI.DLL
0x00007ffc8f890000 - 0x00007ffc8f899000 	C:\WINDOWS\SYSTEM32\WSOCK32.dll
0x00007ffc938b0000 - 0x00007ffc9391b000 	C:\WINDOWS\System32\WS2_32.dll
0x00007ffc7d7b0000 - 0x00007ffc7d7d7000 	C:\WINDOWS\SYSTEM32\WINMM.dll
0x00007ffc90e60000 - 0x00007ffc90e72000 	C:\WINDOWS\SYSTEM32\kernel.appcore.dll
0x00007ffc7ab50000 - 0x00007ffc7ab5a000 	C:\Program Files\Java\jdk-17\bin\jimage.dll
0x00007ffc90b00000 - 0x00007ffc90d01000 	C:\WINDOWS\SYSTEM32\DBGHELP.DLL
0x00007ffc79570000 - 0x00007ffc795a4000 	C:\WINDOWS\SYSTEM32\dbgcore.DLL
0x00007ffc92ea0000 - 0x00007ffc92f22000 	C:\WINDOWS\System32\bcryptPrimitives.dll
0x00007ffc58570000 - 0x00007ffc58595000 	C:\Program Files\Java\jdk-17\bin\java.dll

dbghelp: loaded successfully - version: 4.0.5 - missing functions: none
symbol engine: initialized successfully - sym options: 0x614 - pdb path: .;C:\Program Files\Java\jdk-17\bin;C:\WINDOWS\SYSTEM32;C:\WINDOWS\WinSxS\amd64_microsoft.windows.common-controls_6595b64144ccf1df_6.0.19041.5794_none_60bcd33171f2783c;C:\Program Files\Java\jdk-17\bin\server

VM Arguments:
jvm_args: -XX:TieredStopAtLevel=1 
java_command: com.expense.management.EnterpriseExpenseManagementSystemApplication
java_class_path (initial): C:\Users\teju_\Downloads\EnterpriseExpenseManagementSystem-main\EnterpriseExpenseManagementSystem-main\backend\EnterpriseExpenseManagementSystem\target\classes;C:\Users\teju_\.m2\repository\org\springframework\boot\spring-boot\3.4.3\spring-boot-3.4.3.jar;C:\Users\teju_\.m2\repository\org\springframework\boot\spring-boot-autoconfigure\3.4.3\spring-boot-autoconfigure-3.4.3.jar;C:\Users\teju_\.m2\repository\ch\qos\logback\logback-classic\1.5.16\logback-classic-1.5.16.jar;C:\Users\teju_\.m2\repository\ch\qos\logback\logback-core\1.5.16\logback-core-1.5.16.jar;C:\Users\teju_\.m2\repository\org\apache\logging\log4j\log4j-to-slf4j\2.24.3\log4j-to-slf4j-2.24.3.jar;C:\Users\teju_\.m2\repository\org\apache\logging\log4j\log4j-api\2.24.3\log4j-api-2.24.3.jar;C:\Users\teju_\.m2\repository\org\slf4j\jul-to-slf4j\2.0.16\jul-to-slf4j-2.0.16.jar;C:\Users\teju_\.m2\repository\jakarta\annotation\jakarta.annotation-api\2.1.1\jakarta.annotation-api-2.1.1.jar;C:\Users\teju_\.m2\repository\org\yaml\snakeyaml\2.3\snakeyaml-2.3.jar;C:\Users\teju_\.m2\repository\com\zaxxer\HikariCP\5.1.0\HikariCP-5.1.0.jar;C:\Users\teju_\.m2\repository\org\springframework\spring-jdbc\6.2.3\spring-jdbc-6.2.3.jar;C:\Users\teju_\.m2\repository\org\hibernate\orm\hibernate-core\6.6.8.Final\hibernate-core-6.6.8.Final.jar;C:\Users\teju_\.m2\repository\jakarta\persistence\jakarta.persistence-api\3.1.0\jakarta.persistence-api-3.1.0.jar;C:\Users\teju_\.m2\repository\jakarta\transaction\jakarta.transaction-api\2.0.1\jakarta.transaction-api-2.0.1.jar;C:\Users\teju_\.m2\repository\org\jboss\logging\jboss-logging\3.6.1.Final\jboss-logging-3.6.1.Final.jar;C:\Users\teju_\.m2\repository\org\hibernate\common\hibernate-commons-annotations\7.0.3.Final\hibernate-commons-annotations-7.0.3.Final.jar;C:\Users\teju_\.m2\repository\io\smallrye\jandex\3.2.0\jandex-3.2.0.jar;C:\Users\teju_\.m2\repository\com\fasterxml\classmate\1.7.0\classmate-1.7.0.jar;C:\Users\teju_\.m2\repository\net\bytebuddy\byte-budd
Launcher Type: SUN_STANDARD

[Global flags]
     intx CICompilerCount                          = 3                                         {product} {ergonomic}
     uint ConcGCThreads                            = 1                                         {product} {ergonomic}
     uint G1ConcRefinementThreads                  = 4                                         {product} {ergonomic}
   size_t G1HeapRegionSize                         = 1048576                                   {product} {ergonomic}
    uintx GCDrainStackTargetSize                   = 64                                        {product} {ergonomic}
   size_t InitialHeapSize                          = 132120576                                 {product} {ergonomic}
   size_t MarkStackSize                            = 4194304                                   {product} {ergonomic}
   size_t MaxHeapSize                              = 2113929216                                {product} {ergonomic}
   size_t MinHeapDeltaBytes                        = 1048576                                   {product} {ergonomic}
   size_t MinHeapSize                              = 8388608                                   {product} {ergonomic}
    uintx NonProfiledCodeHeapSize                  = 0                                      {pd product} {ergonomic}
     bool ProfileInterpreter                       = false                                  {pd product} {command line}
    uintx ProfiledCodeHeapSize                     = 0                                      {pd product} {ergonomic}
   size_t SoftMaxHeapSize                          = 2113929216                             {manageable} {ergonomic}
     intx TieredStopAtLevel                        = 1                                         {product} {command line}
     bool UseCompressedClassPointers               = true                           {product lp64_product} {ergonomic}
     bool UseCompressedOops                        = true                           {product lp64_product} {ergonomic}
     bool UseG1GC                                  = true                                      {product} {ergonomic}
     bool UseLargePagesIndividualAllocation        = false                                  {pd product} {ergonomic}

Logging:
Log output configuration:
 #0: stdout all=warning uptime,level,tags
 #1: stderr all=off uptime,level,tags

Environment Variables:
JAVA_HOME=C:\Program Files\Java\jdk-17
PATH=C:\Python313\Scripts\;C:\Python313\;C:\Program Files\Common Files\Oracle\Java\javapath;C:\Program Files (x86)\VMware\VMware Workstation\bin\;C:\WINDOWS\system32;C:\WINDOWS;C:\WINDOWS\System32\Wbem;C:\WINDOWS\System32\WindowsPowerShell\v1.0\;C:\WINDOWS\System32\OpenSSH\;C:\src\flutter\bin;C:\ProgramData\chocolatey\bin;C:\Program Files\MySQL\MySQL Server 8.0\bin;C:\Program Files\Git\cmd;C:\Program Files\Java\jdk-17\bin;C:\Program Files\nodejs;C:\Program Files\MySQL\MySQL Server 8.0\bin;C:\Program Files\apache-maven-3.9.9\bin;C:\Program Files\MySQL\MySQL Shell 8.0\bin\;C:\Users\teju_\AppData\Local\Microsoft\WindowsApps;C:\Users\teju_\AppData\Local\Programs\Microsoft VS Code\bin;C:\Users\teju_\Downloads\flutter_windows_3.10.5-stable\flutter\bin;C:\Program Files\JetBrains\PyCharm Community Edition 2023.2\bin;;C:\Users\teju_\Downloads\flutter_windows_3.16.9-stable\flutter\bin;C:\Program Files\Java\jdk1.8.0_20\bin;C:\Program Files\Java\jdk1.8.0_20\bin;C:\Users\teju_\AppData\Roaming\npm
USERNAME=teju_
LANG=en_US.UTF-8
OS=Windows_NT
PROCESSOR_IDENTIFIER=Intel64 Family 6 Model 142 Stepping 9, GenuineIntel



---------------  S Y S T E M  ---------------

OS:
 Windows 10 , 64 bit Build 19041 (10.0.19041.5794)
OS uptime: 1 days 18:22 hours

CPU: total 4 (initial active 4) (2 cores per cpu, 2 threads per core) family 6 model 142 stepping 9 microcode 0xf6, cx8, cmov, fxsr, ht, mmx, 3dnowpref, sse, sse2, sse3, ssse3, sse4.1, sse4.2, popcnt, lzcnt, tsc, tscinvbit, avx, avx2, aes, erms, clmul, bmi1, bmi2, adx, fma, vzeroupper, clflush, clflushopt

Memory: 4k page, system-wide physical 8060M (1036M free)
TotalPageFile size 15073M (AvailPageFile size 119M)
current process WorkingSet (physical memory assigned to process): 10M, peak: 10M
current process commit charge ("private bytes"): 46M, peak: 172M

vm_info: Java HotSpot(TM) 64-Bit Server VM (17.0.12+8-LTS-286) for windows-amd64 JRE (17.0.12+8-LTS-286), built on Jun  5 2024 06:46:59 by "mach5one" with MS VC++ 17.6 (VS2022)

END.
